Using pre-set license
Built from '2021.3/china_unity/release' branch; Version is '2021.3.2f1c1 (7ac240095d88) revision 8045120'; Using compiler version '192829333'; Build Type 'Release'
OS: 'Windows 11  (10.0.22000) 64bit Professional' Language: 'zh' Physical Memory: 32721 MB
BatchMode: 1, IsHumanControllingUs: 0, StartBugReporterOnCrash: 0, Is64bit: 1, IsPro: 1

COMMAND LINE ARGUMENTS:
D:\Unity\2021.3.2f1c1\Editor\Unity.exe
-adb2
-batchMode
-noUpm
-name
AssetImportWorker0
-projectPath
D:/Project/MagesBox/MagesBoxUnity
-logFile
Logs/AssetImportWorker0.log
-srvPort
59472
Successfully changed project path to: D:/Project/MagesBox/MagesBoxUnity
D:/Project/MagesBox/MagesBoxUnity
[UnityMemory] Configuration Parameters - Can be set up in boot.config
    "memorysetup-bucket-allocator-granularity=16"
    "memorysetup-bucket-allocator-bucket-count=8"
    "memorysetup-bucket-allocator-block-size=33554432"
    "memorysetup-bucket-allocator-block-count=8"
    "memorysetup-main-allocator-block-size=16777216"
    "memorysetup-thread-allocator-block-size=16777216"
    "memorysetup-gfx-main-allocator-block-size=16777216"
    "memorysetup-gfx-thread-allocator-block-size=16777216"
    "memorysetup-cache-allocator-block-size=4194304"
    "memorysetup-typetree-allocator-block-size=2097152"
    "memorysetup-profiler-bucket-allocator-granularity=16"
    "memorysetup-profiler-bucket-allocator-bucket-count=8"
    "memorysetup-profiler-bucket-allocator-block-size=33554432"
    "memorysetup-profiler-bucket-allocator-block-count=8"
    "memorysetup-profiler-allocator-block-size=16777216"
    "memorysetup-profiler-editor-allocator-block-size=1048576"
    "memorysetup-temp-allocator-size-main=16777216"
    "memorysetup-job-temp-allocator-block-size=2097152"
    "memorysetup-job-temp-allocator-block-size-background=1048576"
    "memorysetup-job-temp-allocator-reduction-small-platforms=262144"
    "memorysetup-temp-allocator-size-background-worker=32768"
    "memorysetup-temp-allocator-size-job-worker=262144"
    "memorysetup-temp-allocator-size-preload-manager=33554432"
    "memorysetup-temp-allocator-size-nav-mesh-worker=65536"
    "memorysetup-temp-allocator-size-audio-worker=65536"
    "memorysetup-temp-allocator-size-cloud-worker=32768"
    "memorysetup-temp-allocator-size-gi-baking-worker=262144"
    "memorysetup-temp-allocator-size-gfx=262144"
AS: AutoStreaming module initializing.
Refreshing native plugins compatible for Editor in 82.48 ms, found 3 plugins.
Preloading 0 native plugins for Editor in 0.00 ms.
Initialize engine version: 2021.3.2f1c1 (7ac240095d88)
[Subsystems] Discovering subsystems at path D:/Unity/2021.3.2f1c1/Editor/Data/Resources/UnitySubsystems
[Subsystems] Discovering subsystems at path D:/Project/MagesBox/MagesBoxUnity/Assets
GfxDevice: creating device client; threaded=0; jobified=0
Direct3D:
    Version:  Direct3D 11.0 [level 11.1]
    Renderer: NVIDIA GeForce RTX 3080 (ID=0x2216)
    Vendor:   NVIDIA
    VRAM:     10067 MB
    Driver:   31.0.15.2849
Initialize mono
Mono path[0] = 'D:/Unity/2021.3.2f1c1/Editor/Data/Managed'
Mono path[1] = 'D:/Unity/2021.3.2f1c1/Editor/Data/MonoBleedingEdge/lib/mono/unityjit-win32'
Mono config path = 'D:/Unity/2021.3.2f1c1/Editor/Data/MonoBleedingEdge/etc'
Using monoOptions --debugger-agent=transport=dt_socket,embedding=1,server=y,suspend=n,address=127.0.0.1:56168
Begin MonoManager ReloadAssembly
Registering precompiled unity dll's ...
Register platform support module: D:/Unity/2021.3.2f1c1/Editor/Data/PlaybackEngines/WindowsStandaloneSupport/UnityEditor.WindowsStandalone.Extensions.dll
Registered in 0.001642 seconds.
Native extension for WindowsStandalone target not found
Refreshing native plugins compatible for Editor in 74.35 ms, found 3 plugins.
Preloading 0 native plugins for Editor in 0.00 ms.
Mono: successfully reloaded assembly
- Completed reload, in  0.514 seconds
Domain Reload Profiling:
	ReloadAssembly (514ms)
		BeginReloadAssembly (57ms)
			ExecutionOrderSort (0ms)
			DisableScriptedObjects (0ms)
			BackupInstance (0ms)
			ReleaseScriptingObjects (0ms)
			CreateAndSetChildDomain (1ms)
		EndReloadAssembly (364ms)
			LoadAssemblies (54ms)
			RebuildTransferFunctionScriptingTraits (0ms)
			SetupTypeCache (84ms)
			ReleaseScriptCaches (0ms)
			RebuildScriptCaches (23ms)
			SetupLoadedEditorAssemblies (215ms)
				LogAssemblyErrors (0ms)
				InitializePlatformSupportModulesInManaged (5ms)
				SetLoadedEditorAssemblies (0ms)
				RefreshPlugins (74ms)
				BeforeProcessingInitializeOnLoad (1ms)
				ProcessInitializeOnLoadAttributes (98ms)
				ProcessInitializeOnLoadMethodAttributes (37ms)
				AfterProcessingInitializeOnLoad (0ms)
				EditorAssembliesLoaded (0ms)
			ExecutionOrderSort2 (0ms)
			AwakeInstancesAfterBackupRestoration (0ms)
Platform modules already initialized, skipping
Registering precompiled user dll's ...
Registered in 0.006003 seconds.
Begin MonoManager ReloadAssembly
Symbol file LoadedFromMemory doesn't match image D:\Project\MagesBox\MagesBoxUnity\Library\PackageCache\com.unity.visualscripting@1.7.6\Editor\VisualScripting.Core\Dependencies\YamlDotNet\Unity.VisualScripting.YamlDotNet.dll
Symbol file LoadedFromMemory doesn't match image D:\Project\MagesBox\MagesBoxUnity\Library\PackageCache\com.unity.visualscripting@1.7.6\Editor\VisualScripting.Core\Dependencies\DotNetZip\Unity.VisualScripting.IonicZip.dll
Native extension for WindowsStandalone target not found
Refreshing native plugins compatible for Editor in 0.52 ms, found 3 plugins.
Preloading 0 native plugins for Editor in 0.00 ms.
Mono: successfully reloaded assembly
- Completed reload, in  0.822 seconds
Domain Reload Profiling:
	ReloadAssembly (823ms)
		BeginReloadAssembly (82ms)
			ExecutionOrderSort (0ms)
			DisableScriptedObjects (4ms)
			BackupInstance (0ms)
			ReleaseScriptingObjects (0ms)
			CreateAndSetChildDomain (15ms)
		EndReloadAssembly (644ms)
			LoadAssemblies (55ms)
			RebuildTransferFunctionScriptingTraits (0ms)
			SetupTypeCache (213ms)
			ReleaseScriptCaches (1ms)
			RebuildScriptCaches (43ms)
			SetupLoadedEditorAssemblies (295ms)
				LogAssemblyErrors (0ms)
				InitializePlatformSupportModulesInManaged (3ms)
				SetLoadedEditorAssemblies (0ms)
				RefreshPlugins (1ms)
				BeforeProcessingInitializeOnLoad (73ms)
				ProcessInitializeOnLoadAttributes (186ms)
				ProcessInitializeOnLoadMethodAttributes (24ms)
				AfterProcessingInitializeOnLoad (7ms)
				EditorAssembliesLoaded (0ms)
			ExecutionOrderSort2 (0ms)
			AwakeInstancesAfterBackupRestoration (6ms)
Platform modules already initialized, skipping
========================================================================
Worker process is ready to serve import requests
Launched and connected shader compiler UnityShaderCompiler.exe after 0.05 seconds
Refreshing native plugins compatible for Editor in 0.94 ms, found 3 plugins.
Preloading 0 native plugins for Editor in 0.00 ms.
Unloading 3360 Unused Serialized files (Serialized files now loaded: 0)
Unloading 26 unused Assets / (112.1 KB). Loaded Objects now: 3818.
Memory consumption went from 115.7 MB to 115.6 MB.
Total: 3.147600 ms (FindLiveObjects: 0.300400 ms CreateObjectMapping: 0.100100 ms MarkObjects: 2.651200 ms  DeleteObjects: 0.094600 ms)

AssetImportParameters requested are different than current active one (requested -> active):
  custom:video-decoder-ogg-theora: a1e56fd34408186e4bbccfd4996cb3dc -> 
  custom:container-muxer-webm: aa71ff27fc2769a1b78a27578f13a17b -> 
  custom:container-demuxer-webm: 4f35f7cbe854078d1ac9338744f61a02 -> 
  custom:video-encoder-webm-vp8: eb34c28f22e8b96e1ab97ce403110664 -> 
  custom:audio-encoder-webm-vorbis: bf7c407c2cedff20999df2af8eb42d56 -> 
  custom:framework-win-MediaFoundation: 216162199b28c13a410421893ffa2e32 -> 
  custom:container-demuxer-ogg: 62fdf1f143b41e24485cea50d1cbac27 -> 
  custom:video-decoder-webm-vp8: 9c59270c3fd7afecdb556c50c9e8de78 -> 
  custom:audio-decoder-ogg-vorbis: bf7c407c2cedff20999df2af8eb42d56 -> 
========================================================================
Received Import Request.
  Time since last request: 29313.985142 seconds.
  path: Assets/Shaders
  artifactKey: Guid(b91e7c276c0ed7d4882bd91393599422) Importer(815301076,1909f56bfc062723c751e8b465ee728b)
Start importing Assets/Shaders using Guid(b91e7c276c0ed7d4882bd91393599422) Importer(815301076,1909f56bfc062723c751e8b465ee728b)  -> (artifact id: 'dc856bee212602faa4ac73288208a332') in 0.006317 seconds 
========================================================================
Received Import Request.
  Time since last request: 4.132925 seconds.
  path: Assets/Materias
  artifactKey: Guid(37dc06e1e6a8ded4690f7e4e5263c48b) Importer(815301076,1909f56bfc062723c751e8b465ee728b)
Start importing Assets/Materias using Guid(37dc06e1e6a8ded4690f7e4e5263c48b) Importer(815301076,1909f56bfc062723c751e8b465ee728b)  -> (artifact id: '5c02a97cb3ce936cb37d3881e3cf040d') in 0.001624 seconds 
========================================================================
Received Import Request.
  Time since last request: 6.410263 seconds.
  path: Assets/Scenes
  artifactKey: Guid(6ea315d0fd7389c41b19996891e99ae3) Importer(815301076,1909f56bfc062723c751e8b465ee728b)
Start importing Assets/Scenes using Guid(6ea315d0fd7389c41b19996891e99ae3) Importer(815301076,1909f56bfc062723c751e8b465ee728b)  -> (artifact id: 'b8193726cff86800c54781cdc6d54904') in 0.001502 seconds 
========================================================================
Received Import Request.
  Time since last request: 9.590391 seconds.
  path: Assets/Scenes/New Scene.unity
  artifactKey: Guid(d739e953094eab54894ce549314701d4) Importer(815301076,1909f56bfc062723c751e8b465ee728b)
Start importing Assets/Scenes/New Scene.unity using Guid(d739e953094eab54894ce549314701d4) Importer(815301076,1909f56bfc062723c751e8b465ee728b)  -> (artifact id: 'ce130ae02d862f8b7eef2990bf372390') in 0.001802 seconds 
========================================================================
Received Import Request.
  Time since last request: 10.362094 seconds.
  path: Assets/Scenes/c1
  artifactKey: Guid(0d9e3c66d58ff4a4f85fb3ca6a9e678f) Importer(815301076,1909f56bfc062723c751e8b465ee728b)
Start importing Assets/Scenes/c1 using Guid(0d9e3c66d58ff4a4f85fb3ca6a9e678f) Importer(815301076,1909f56bfc062723c751e8b465ee728b)  -> (artifact id: '0465463631a1bceba8512d47e41a32ee') in 0.001574 seconds 
========================================================================
Received Import Request.
  Time since last request: 7.449526 seconds.
  path: Assets/Scenes/c1/1.1.unity
  artifactKey: Guid(ee80de7de39d9984a8ff2430af2450b9) Importer(815301076,1909f56bfc062723c751e8b465ee728b)
Start importing Assets/Scenes/c1/1.1.unity using Guid(ee80de7de39d9984a8ff2430af2450b9) Importer(815301076,1909f56bfc062723c751e8b465ee728b)  -> (artifact id: '024cab5ca8b062a0a432ea6d0ceaf53d') in 0.001633 seconds 
========================================================================
Received Import Request.
  Time since last request: 6.865478 seconds.
  path: Assets/Scenes/SampleScene.unity
  artifactKey: Guid(9fc0d4010bbf28b4594072e72b8655ab) Importer(815301076,1909f56bfc062723c751e8b465ee728b)
Start importing Assets/Scenes/SampleScene.unity using Guid(9fc0d4010bbf28b4594072e72b8655ab) Importer(815301076,1909f56bfc062723c751e8b465ee728b)  -> (artifact id: 'e55ccaa32d8e5c1de03c07a5412c8c3c') in 0.001781 seconds 
========================================================================
Received Import Request.
  Time since last request: 6.583405 seconds.
  path: Assets/Materias/New Folder
  artifactKey: Guid(59d53661edcde4544846284a976a6c84) Importer(815301076,1909f56bfc062723c751e8b465ee728b)
Start importing Assets/Materias/New Folder using Guid(59d53661edcde4544846284a976a6c84) Importer(815301076,1909f56bfc062723c751e8b465ee728b)  -> (artifact id: '16b18481cbb138ff2a1339f0def39965') in 0.001684 seconds 
========================================================================
Received Import Request.
  Time since last request: 3.490281 seconds.
  path: Assets/Shaders/New Folder
  artifactKey: Guid(17b4ae324cd164a42b75e1eb145ea3e5) Importer(815301076,1909f56bfc062723c751e8b465ee728b)
Start importing Assets/Shaders/New Folder using Guid(17b4ae324cd164a42b75e1eb145ea3e5) Importer(815301076,1909f56bfc062723c751e8b465ee728b)  -> (artifact id: '50c9bcd7128fb36fc3a49560ff60676c') in 0.001717 seconds 
========================================================================
Received Import Request.
  Time since last request: 7.537575 seconds.
  path: Assets/Materias/1
  artifactKey: Guid(59d53661edcde4544846284a976a6c84) Importer(815301076,1909f56bfc062723c751e8b465ee728b)
Start importing Assets/Materias/1 using Guid(59d53661edcde4544846284a976a6c84) Importer(815301076,1909f56bfc062723c751e8b465ee728b)  -> (artifact id: '377d8ffdb829c805988ebb3ca999dd65') in 0.001617 seconds 
========================================================================
Received Import Request.
  Time since last request: 29.205548 seconds.
  path: Assets/Shaders/c1/c1.shader
  artifactKey: Guid(84d8b90d57632394ebf502d7fa5c5758) Importer(815301076,1909f56bfc062723c751e8b465ee728b)
Start importing Assets/Shaders/c1/c1.shader using Guid(84d8b90d57632394ebf502d7fa5c5758) Importer(815301076,1909f56bfc062723c751e8b465ee728b)  -> (artifact id: 'b0e0fdd2b22fbc77de9a795160109aad') in 0.026852 seconds 
========================================================================
Received Import Request.
  Time since last request: 6.383209 seconds.
  path: Assets/Materias/c1/c1.mat
  artifactKey: Guid(dbf153731661dc347b2ff2426e45061c) Importer(815301076,1909f56bfc062723c751e8b465ee728b)
Start importing Assets/Materias/c1/c1.mat using Guid(dbf153731661dc347b2ff2426e45061c) Importer(815301076,1909f56bfc062723c751e8b465ee728b)  -> (artifact id: '4c53463b1316c38fe296caf5477e52a5') in 0.095047 seconds 
========================================================================
Received Import Request.
  Time since last request: 519.144856 seconds.
  path: Assets/Shaders/c1/c1.shader
  artifactKey: Guid(84d8b90d57632394ebf502d7fa5c5758) Importer(815301076,1909f56bfc062723c751e8b465ee728b)
Start importing Assets/Shaders/c1/c1.shader using Guid(84d8b90d57632394ebf502d7fa5c5758) Importer(815301076,1909f56bfc062723c751e8b465ee728b)  -> (artifact id: 'ea667b8a4e34e12d401e72a6cec92870') in 0.002465 seconds 
========================================================================
Received Import Request.
  Time since last request: 1.259247 seconds.
  path: Assets/Materias/c1/c1.mat
  artifactKey: Guid(dbf153731661dc347b2ff2426e45061c) Importer(815301076,1909f56bfc062723c751e8b465ee728b)
Start importing Assets/Materias/c1/c1.mat using Guid(dbf153731661dc347b2ff2426e45061c) Importer(815301076,1909f56bfc062723c751e8b465ee728b)  -> (artifact id: 'be26578ccc2b9a3d419324151f696298') in 0.024539 seconds 
========================================================================
Received Import Request.
  Time since last request: 767.526250 seconds.
  path: Assets/Materias/c1/c1.mat
  artifactKey: Guid(dbf153731661dc347b2ff2426e45061c) Importer(815301076,1909f56bfc062723c751e8b465ee728b)
Start importing Assets/Materias/c1/c1.mat using Guid(dbf153731661dc347b2ff2426e45061c) Importer(815301076,1909f56bfc062723c751e8b465ee728b)  -> (artifact id: '12371d41e366de400330d8062e19ff16') in 0.017528 seconds 
========================================================================
Received Import Request.
  Time since last request: 141.940265 seconds.
  path: Assets/Shaders/c1/c1.shader
  artifactKey: Guid(84d8b90d57632394ebf502d7fa5c5758) Importer(815301076,1909f56bfc062723c751e8b465ee728b)
Start importing Assets/Shaders/c1/c1.shader using Guid(84d8b90d57632394ebf502d7fa5c5758) Importer(815301076,1909f56bfc062723c751e8b465ee728b)  -> (artifact id: '3edbdd9a4cf065310641d85850132883') in 0.002277 seconds 
========================================================================
Received Import Request.
  Time since last request: 26.510236 seconds.
  path: Assets/Shaders/c1/c1.shader
  artifactKey: Guid(84d8b90d57632394ebf502d7fa5c5758) Importer(815301076,1909f56bfc062723c751e8b465ee728b)
Start importing Assets/Shaders/c1/c1.shader using Guid(84d8b90d57632394ebf502d7fa5c5758) Importer(815301076,1909f56bfc062723c751e8b465ee728b)  -> (artifact id: '0af0665d9cae06fa49fa99cfd0a345bc') in 0.002155 seconds 
========================================================================
Received Import Request.
  Time since last request: 4.114971 seconds.
  path: Assets/Materias/c1/c1.mat
  artifactKey: Guid(dbf153731661dc347b2ff2426e45061c) Importer(815301076,1909f56bfc062723c751e8b465ee728b)
Start importing Assets/Materias/c1/c1.mat using Guid(dbf153731661dc347b2ff2426e45061c) Importer(815301076,1909f56bfc062723c751e8b465ee728b)  -> (artifact id: '4eccb96d5fb18682870b2f09e0af0eb4') in 0.024687 seconds 
========================================================================
Received Import Request.
  Time since last request: 358.042925 seconds.
  path: Assets/Materias/c1/c1.mat
  artifactKey: Guid(dbf153731661dc347b2ff2426e45061c) Importer(815301076,1909f56bfc062723c751e8b465ee728b)
Start importing Assets/Materias/c1/c1.mat using Guid(dbf153731661dc347b2ff2426e45061c) Importer(815301076,1909f56bfc062723c751e8b465ee728b)  -> (artifact id: '9d876fdbf0c4a653c5f4323191b6de90') in 0.026009 seconds 
========================================================================
Received Import Request.
  Time since last request: 11.728836 seconds.
  path: Assets/Res
  artifactKey: Guid(aec67a32daa860446847e45edca09aa4) Importer(815301076,1909f56bfc062723c751e8b465ee728b)
Start importing Assets/Res using Guid(aec67a32daa860446847e45edca09aa4) Importer(815301076,1909f56bfc062723c751e8b465ee728b)  -> (artifact id: '908691c544b5b5981ec623a12cc9d9f7') in 0.002055 seconds 
========================================================================
Received Import Request.
  Time since last request: 4.836562 seconds.
  path: Assets/Res/c1
  artifactKey: Guid(c47469d28298b634ab33e353c7c7498b) Importer(815301076,1909f56bfc062723c751e8b465ee728b)
Start importing Assets/Res/c1 using Guid(c47469d28298b634ab33e353c7c7498b) Importer(815301076,1909f56bfc062723c751e8b465ee728b)  -> (artifact id: 'a3973cf6c97dac1502802c2c11a02d3a') in 0.001745 seconds 
========================================================================
Received Import Request.
  Time since last request: 53.239332 seconds.
  path: Assets/Res/c1/000.png
  artifactKey: Guid(0f87ff9721bb3574685843f687ee0c52) Importer(815301076,1909f56bfc062723c751e8b465ee728b)
Start importing Assets/Res/c1/000.png using Guid(0f87ff9721bb3574685843f687ee0c52) Importer(815301076,1909f56bfc062723c751e8b465ee728b)  -> (artifact id: '11941b5b31b56fb61bfecd23aea5c9ee') in 0.048792 seconds 
========================================================================
Received Prepare
Registering precompiled user dll's ...
Registered in 0.007203 seconds.
Begin MonoManager ReloadAssembly
Symbol file LoadedFromMemory doesn't match image D:\Project\MagesBox\MagesBoxUnity\Library\PackageCache\com.unity.visualscripting@1.7.6\Editor\VisualScripting.Core\Dependencies\YamlDotNet\Unity.VisualScripting.YamlDotNet.dll
Symbol file LoadedFromMemory doesn't match image D:\Project\MagesBox\MagesBoxUnity\Library\PackageCache\com.unity.visualscripting@1.7.6\Editor\VisualScripting.Core\Dependencies\DotNetZip\Unity.VisualScripting.IonicZip.dll
Native extension for WindowsStandalone target not found
Refreshing native plugins compatible for Editor in 0.54 ms, found 3 plugins.
Preloading 0 native plugins for Editor in 0.00 ms.
Mono: successfully reloaded assembly
- Completed reload, in  0.965 seconds
Domain Reload Profiling:
	ReloadAssembly (965ms)
		BeginReloadAssembly (121ms)
			ExecutionOrderSort (0ms)
			DisableScriptedObjects (3ms)
			BackupInstance (0ms)
			ReleaseScriptingObjects (0ms)
			CreateAndSetChildDomain (34ms)
		EndReloadAssembly (746ms)
			LoadAssemblies (68ms)
			RebuildTransferFunctionScriptingTraits (0ms)
			SetupTypeCache (257ms)
			ReleaseScriptCaches (1ms)
			RebuildScriptCaches (48ms)
			SetupLoadedEditorAssemblies (301ms)
				LogAssemblyErrors (0ms)
				InitializePlatformSupportModulesInManaged (10ms)
				SetLoadedEditorAssemblies (0ms)
				RefreshPlugins (1ms)
				BeforeProcessingInitializeOnLoad (62ms)
				ProcessInitializeOnLoadAttributes (196ms)
				ProcessInitializeOnLoadMethodAttributes (26ms)
				AfterProcessingInitializeOnLoad (6ms)
				EditorAssembliesLoaded (0ms)
			ExecutionOrderSort2 (0ms)
			AwakeInstancesAfterBackupRestoration (8ms)
Platform modules already initialized, skipping
Refreshing native plugins compatible for Editor in 2.13 ms, found 3 plugins.
Preloading 0 native plugins for Editor in 0.00 ms.
Unloading 3356 Unused Serialized files (Serialized files now loaded: 0)
Unloading 19 unused Assets / (79.0 KB). Loaded Objects now: 3862.
Memory consumption went from 120.4 MB to 120.3 MB.
Total: 2.964200 ms (FindLiveObjects: 0.249300 ms CreateObjectMapping: 0.065300 ms MarkObjects: 2.573500 ms  DeleteObjects: 0.074900 ms)

AssetImportParameters requested are different than current active one (requested -> active):
  custom:video-decoder-ogg-theora: a1e56fd34408186e4bbccfd4996cb3dc -> 
  custom:container-muxer-webm: aa71ff27fc2769a1b78a27578f13a17b -> 
  custom:container-demuxer-webm: 4f35f7cbe854078d1ac9338744f61a02 -> 
  custom:video-encoder-webm-vp8: eb34c28f22e8b96e1ab97ce403110664 -> 
  custom:audio-encoder-webm-vorbis: bf7c407c2cedff20999df2af8eb42d56 -> 
  custom:framework-win-MediaFoundation: 216162199b28c13a410421893ffa2e32 -> 
  custom:container-demuxer-ogg: 62fdf1f143b41e24485cea50d1cbac27 -> 
  custom:video-decoder-webm-vp8: 9c59270c3fd7afecdb556c50c9e8de78 -> 
  custom:audio-decoder-ogg-vorbis: bf7c407c2cedff20999df2af8eb42d56 -> 
========================================================================
Received Import Request.
  Time since last request: 6827.319598 seconds.
  path: Assets/Materias/c1/c1.2.mat
  artifactKey: Guid(f3b985a1e3cd3f848a6ca9984f7e6abb) Importer(815301076,1909f56bfc062723c751e8b465ee728b)
Start importing Assets/Materias/c1/c1.2.mat using Guid(f3b985a1e3cd3f848a6ca9984f7e6abb) Importer(815301076,1909f56bfc062723c751e8b465ee728b)  -> (artifact id: '5517eb8b99ec7a9e1a4a5e7963cbc91a') in 0.239455 seconds 
========================================================================
Received Import Request.
  Time since last request: 4.324520 seconds.
  path: Assets/Materias/c1/c1.1.mat
  artifactKey: Guid(dbf153731661dc347b2ff2426e45061c) Importer(815301076,1909f56bfc062723c751e8b465ee728b)
Start importing Assets/Materias/c1/c1.1.mat using Guid(dbf153731661dc347b2ff2426e45061c) Importer(815301076,1909f56bfc062723c751e8b465ee728b)  -> (artifact id: '6423dc0374afd70de0f676d4b6ace456') in 0.030707 seconds 
========================================================================
Received Import Request.
  Time since last request: 7.354914 seconds.
  path: Assets/Materias/c1/c1.1.mat
  artifactKey: Guid(dbf153731661dc347b2ff2426e45061c) Importer(815301076,1909f56bfc062723c751e8b465ee728b)
Start importing Assets/Materias/c1/c1.1.mat using Guid(dbf153731661dc347b2ff2426e45061c) Importer(815301076,1909f56bfc062723c751e8b465ee728b)  -> (artifact id: '1bb0aec536da0bd5c14fc5ece3a7a9ff') in 0.009308 seconds 
========================================================================
Received Import Request.
  Time since last request: 5.971835 seconds.
  path: Assets/Shaders/c1/c1.shader
  artifactKey: Guid(84d8b90d57632394ebf502d7fa5c5758) Importer(815301076,1909f56bfc062723c751e8b465ee728b)
Start importing Assets/Shaders/c1/c1.shader using Guid(84d8b90d57632394ebf502d7fa5c5758) Importer(815301076,1909f56bfc062723c751e8b465ee728b)  -> (artifact id: 'c5570c0b7578557c6aded9badc6adf70') in 0.001685 seconds 
========================================================================
Received Import Request.
  Time since last request: 3.421042 seconds.
  path: Assets/Shaders/c1/c1.1.shader
  artifactKey: Guid(84d8b90d57632394ebf502d7fa5c5758) Importer(815301076,1909f56bfc062723c751e8b465ee728b)
Start importing Assets/Shaders/c1/c1.1.shader using Guid(84d8b90d57632394ebf502d7fa5c5758) Importer(815301076,1909f56bfc062723c751e8b465ee728b)  -> (artifact id: '7c0ddb119050cd96b8b87221c492ac4d') in 0.001623 seconds 
========================================================================
Received Import Request.
  Time since last request: 1.801020 seconds.
  path: Assets/Shaders/c1/c1.1 1.shader
  artifactKey: Guid(5878beeba5573b34d9a7b9f9f68a90a2) Importer(815301076,1909f56bfc062723c751e8b465ee728b)
Start importing Assets/Shaders/c1/c1.1 1.shader using Guid(5878beeba5573b34d9a7b9f9f68a90a2) Importer(815301076,1909f56bfc062723c751e8b465ee728b)  -> (artifact id: '5b92ed30c3a7d3fdfe3e51db46c9d0d8') in 0.002355 seconds 
========================================================================
Received Import Request.
  Time since last request: 8.314006 seconds.
  path: Assets/Shaders/c1/c1.2.shader
  artifactKey: Guid(5878beeba5573b34d9a7b9f9f68a90a2) Importer(815301076,1909f56bfc062723c751e8b465ee728b)
Start importing Assets/Shaders/c1/c1.2.shader using Guid(5878beeba5573b34d9a7b9f9f68a90a2) Importer(815301076,1909f56bfc062723c751e8b465ee728b)  -> (artifact id: 'ee45f55ae97a0d69080ff5c576800061') in 0.002278 seconds 
========================================================================
Received Import Request.
  Time since last request: 58.062556 seconds.
  path: Assets/Shaders/c1/c1.2.shader
  artifactKey: Guid(5878beeba5573b34d9a7b9f9f68a90a2) Importer(815301076,1909f56bfc062723c751e8b465ee728b)
Start importing Assets/Shaders/c1/c1.2.shader using Guid(5878beeba5573b34d9a7b9f9f68a90a2) Importer(815301076,1909f56bfc062723c751e8b465ee728b)  -> (artifact id: '701c8fc179143ae1c39ed4ba8b683d2b') in 0.002153 seconds 
========================================================================
Received Import Request.
  Time since last request: 50.253518 seconds.
  path: Assets/Shaders/c1/c1.2.shader
  artifactKey: Guid(5878beeba5573b34d9a7b9f9f68a90a2) Importer(815301076,1909f56bfc062723c751e8b465ee728b)
Start importing Assets/Shaders/c1/c1.2.shader using Guid(5878beeba5573b34d9a7b9f9f68a90a2) Importer(815301076,1909f56bfc062723c751e8b465ee728b)  -> (artifact id: 'e2fb978d95c0a5bbabb549c72413515e') in 0.002508 seconds 
========================================================================
Received Import Request.
  Time since last request: 1173.997021 seconds.
  path: Assets/Shaders/c1/c1.2.shader
  artifactKey: Guid(5878beeba5573b34d9a7b9f9f68a90a2) Importer(815301076,1909f56bfc062723c751e8b465ee728b)
Start importing Assets/Shaders/c1/c1.2.shader using Guid(5878beeba5573b34d9a7b9f9f68a90a2) Importer(815301076,1909f56bfc062723c751e8b465ee728b)  -> (artifact id: 'ce4344dda56b422a6bed12b08b22366d') in 0.002241 seconds 
========================================================================
Received Import Request.
  Time since last request: 303.889494 seconds.
  path: Assets/Shaders/c1/c1.1.shader
  artifactKey: Guid(84d8b90d57632394ebf502d7fa5c5758) Importer(815301076,1909f56bfc062723c751e8b465ee728b)
Start importing Assets/Shaders/c1/c1.1.shader using Guid(84d8b90d57632394ebf502d7fa5c5758) Importer(815301076,1909f56bfc062723c751e8b465ee728b)  -> (artifact id: '2768cb8ed464c2d8a2c8b433bb737414') in 0.001997 seconds 
========================================================================
Received Import Request.
  Time since last request: 799.426772 seconds.
  path: Assets/Shaders/c1/c1.2.shader
  artifactKey: Guid(5878beeba5573b34d9a7b9f9f68a90a2) Importer(815301076,1909f56bfc062723c751e8b465ee728b)
Start importing Assets/Shaders/c1/c1.2.shader using Guid(5878beeba5573b34d9a7b9f9f68a90a2) Importer(815301076,1909f56bfc062723c751e8b465ee728b)  -> (artifact id: '47fae353ed80a4b9074bb86d4bc021c4') in 0.003154 seconds 
========================================================================
Received Import Request.
  Time since last request: 13.935544 seconds.
  path: Assets/Shaders/c1/c1.2.shader
  artifactKey: Guid(5878beeba5573b34d9a7b9f9f68a90a2) Importer(815301076,1909f56bfc062723c751e8b465ee728b)
Start importing Assets/Shaders/c1/c1.2.shader using Guid(5878beeba5573b34d9a7b9f9f68a90a2) Importer(815301076,1909f56bfc062723c751e8b465ee728b)  -> (artifact id: '70f4d4b4ac946624afbed2d2d221a903') in 0.002142 seconds 
========================================================================
Received Import Request.
  Time since last request: 3.488341 seconds.
  path: Assets/Materias/c1/c1.1.mat
  artifactKey: Guid(dbf153731661dc347b2ff2426e45061c) Importer(815301076,1909f56bfc062723c751e8b465ee728b)
Start importing Assets/Materias/c1/c1.1.mat using Guid(dbf153731661dc347b2ff2426e45061c) Importer(815301076,1909f56bfc062723c751e8b465ee728b)  -> (artifact id: 'd4bc7e3c5a5312bd7108b1a7ae353c5f') in 0.009237 seconds 
========================================================================
Received Import Request.
  Time since last request: 414.386783 seconds.
  path: Assets/Materias/c1/c1.2.mat
  artifactKey: Guid(f3b985a1e3cd3f848a6ca9984f7e6abb) Importer(815301076,1909f56bfc062723c751e8b465ee728b)
Start importing Assets/Materias/c1/c1.2.mat using Guid(f3b985a1e3cd3f848a6ca9984f7e6abb) Importer(815301076,1909f56bfc062723c751e8b465ee728b)  -> (artifact id: 'bc52e262b0b4a956de82890b23634013') in 0.035334 seconds 
========================================================================
Received Import Request.
  Time since last request: 33.556078 seconds.
  path: Assets/Materias/c1/c1.2.mat
  artifactKey: Guid(f3b985a1e3cd3f848a6ca9984f7e6abb) Importer(815301076,1909f56bfc062723c751e8b465ee728b)
Start importing Assets/Materias/c1/c1.2.mat using Guid(f3b985a1e3cd3f848a6ca9984f7e6abb) Importer(815301076,1909f56bfc062723c751e8b465ee728b)  -> (artifact id: '3a8fcb2b8f335f2d7939e0b7181c9f8f') in 0.037298 seconds 
